Unity Editor version:    2020.3.32f1 (12f8b0834f07)
Branch:                  2020.3/staging
Build type:              Release
Batch mode:              YES
macOS version:           Version 12.2.1 (Build 21D62)
Darwin version:          21.3.0
Architecture:            x86_64
Running under Rosetta:   NO
Available memory:        16384 MB
Using pre-set license
Pro License: NO

COMMAND LINE ARGUMENTS:
/Applications/Unity/Hub/Editor/2020.3.32f1/Unity.app/Contents/MacOS/Unity
-adb2
-batchMode
-noUpm
-name
AssetImportWorker0
-projectPath
/Users/baileymccord/Desktop/OreganTrailGame/Final-Effort/ZOmbieWest
-logFile
Logs/AssetImportWorker0.log
-srvPort
49556
Successfully changed project path to: /Users/baileymccord/Desktop/OreganTrailGame/Final-Effort/ZOmbieWest
/Users/baileymccord/Desktop/OreganTrailGame/Final-Effort/ZOmbieWest
Using Asset Import Pipeline V2.
Refreshing native plugins compatible for Editor in 45.32 ms, found 2 plugins.
Preloading 0 native plugins for Editor in 0.00 ms.
Initialize engine version: 2020.3.32f1 (12f8b0834f07)
[Subsystems] Discovering subsystems at path /Applications/Unity/Hub/Editor/2020.3.32f1/Unity.app/Contents/Resources/UnitySubsystems
[Subsystems] Discovering subsystems at path /Users/baileymccord/Desktop/OreganTrailGame/Final-Effort/ZOmbieWest/Assets
GfxDevice: creating device client; threaded=0
2022-04-21 09:31:49.541 Unity[1651:17505] Color LCD preferred device: Intel(R) UHD Graphics 630 (low power)
2022-04-21 09:31:49.541 Unity[1651:17505] Metal devices available: 2
2022-04-21 09:31:49.541 Unity[1651:17505] 0: AMD Radeon Pro 5300M (high power)
2022-04-21 09:31:49.541 Unity[1651:17505] 1: Intel(R) UHD Graphics 630 (low power)
2022-04-21 09:31:49.542 Unity[1651:17505] Using device AMD Radeon Pro 5300M (high power)
Initializing Metal device caps: AMD Radeon Pro 5300M
Initialize mono
Mono path[0] = '/Applications/Unity/Hub/Editor/2020.3.32f1/Unity.app/Contents/Managed'
Mono path[1] = '/Applications/Unity/Hub/Editor/2020.3.32f1/Unity.app/Contents/MonoBleedingEdge/lib/mono/unityjit'
Mono config path = '/Applications/Unity/Hub/Editor/2020.3.32f1/Unity.app/Contents/MonoBleedingEdge/etc'
Using monoOptions --debugger-agent=transport=dt_socket,embedding=1,server=y,suspend=n,address=127.0.0.1:56651
Begin MonoManager ReloadAssembly
Registering precompiled unity dll's ...
Register platform support module: /Applications/Unity/Hub/Editor/2020.3.32f1/Unity.app/Contents/PlaybackEngines/MacStandaloneSupport/UnityEditor.OSXStandalone.Extensions.dll
Registered in 0.000494 seconds.
Native extension for OSXStandalone target not found
Refreshing native plugins compatible for Editor in 43.65 ms, found 2 plugins.
Preloading 0 native plugins for Editor in 0.00 ms.
Mono: successfully reloaded assembly
- Completed reload, in  0.907 seconds
Domain Reload Profiling:
	ReloadAssembly (908ms)
		BeginReloadAssembly (85ms)
			ExecutionOrderSort (0ms)
			DisableScriptedObjects (0ms)
			BackupInstance (0ms)
			ReleaseScriptingObjects (0ms)
			CreateAndSetChildDomain (1ms)
		EndReloadAssembly (713ms)
			LoadAssemblies (85ms)
			RebuildTransferFunctionScriptingTraits (0ms)
			SetupTypeCache (261ms)
			ReleaseScriptCaches (0ms)
			RebuildScriptCaches (56ms)
			SetupLoadedEditorAssemblies (265ms)
				LogAssemblyErrors (0ms)
				InitializePlatformSupportModulesInManaged (6ms)
				SetLoadedEditorAssemblies (0ms)
				RefreshPlugins (44ms)
				BeforeProcessingInitializeOnLoad (14ms)
				ProcessInitializeOnLoadAttributes (157ms)
				ProcessInitializeOnLoadMethodAttributes (44ms)
				AfterProcessingInitializeOnLoad (0ms)
				EditorAssembliesLoaded (0ms)
			ExecutionOrderSort2 (0ms)
			AwakeInstancesAfterBackupRestoration (0ms)
Platform modules already initialized, skipping
Registering precompiled user dll's ...
Registered in 0.001465 seconds.
Begin MonoManager ReloadAssembly
Native extension for OSXStandalone target not found
Refreshing native plugins compatible for Editor in 0.39 ms, found 2 plugins.
Preloading 0 native plugins for Editor in 0.00 ms.
Mono: successfully reloaded assembly
- Completed reload, in  1.490 seconds
Domain Reload Profiling:
	ReloadAssembly (1491ms)
		BeginReloadAssembly (205ms)
			ExecutionOrderSort (0ms)
			DisableScriptedObjects (7ms)
			BackupInstance (0ms)
			ReleaseScriptingObjects (0ms)
			CreateAndSetChildDomain (30ms)
		EndReloadAssembly (1199ms)
			LoadAssemblies (98ms)
			RebuildTransferFunctionScriptingTraits (0ms)
			SetupTypeCache (438ms)
			ReleaseScriptCaches (0ms)
			RebuildScriptCaches (74ms)
			SetupLoadedEditorAssemblies (423ms)
				LogAssemblyErrors (0ms)
				InitializePlatformSupportModulesInManaged (6ms)
				SetLoadedEditorAssemblies (1ms)
				RefreshPlugins (0ms)
				BeforeProcessingInitializeOnLoad (73ms)
				ProcessInitializeOnLoadAttributes (328ms)
				ProcessInitializeOnLoadMethodAttributes (13ms)
				AfterProcessingInitializeOnLoad (1ms)
				EditorAssembliesLoaded (0ms)
			ExecutionOrderSort2 (0ms)
			AwakeInstancesAfterBackupRestoration (10ms)
Platform modules already initialized, skipping
Validating Project structure ... 0.000165 seconds.
Shader import version has changed; will reimport all shaders...
Upgrading shader files ...0.000236 seconds.
Application.AssetDatabase Initial Script Refresh Start
RefreshInfo: InitialScriptRefreshV2(NoUpdateAssetOptions) scanfilter:  ... 1 filters
RefreshProfiler: Total: 0.000ms
Application.AssetDatabase Initial Script Refresh End
Application.AssetDatabase.Refresh Start
Application.AssetDatabase.Refresh End
RefreshInfo: StopAssetImportingV2(ForceSynchronousImport) scanfilter: 
RefreshProfiler: Total: 0.000ms
Launching external process: /Applications/Unity/Hub/Editor/2020.3.32f1/Unity.app/Contents/Tools/UnityShaderCompiler
Launched and connected shader compiler UnityShaderCompiler after 0.02 seconds
Initializing Unity extensions:
2022-04-21 09:31:52.954 Unity[1651:17505] NSEventModifierFlagFunction specified to -setKeyEquivalentModifierMask: for item <NSMenuItem: 0x6000038f1880 Font Asset, ke='Command-F12'>, but is only supported for system-provided menu items; will not be used
2022-04-21 09:31:52.958 Unity[1651:17505] NSEventModifierFlagFunction specified to -setKeyEquivalentModifierMask: for item <NSMenuItem: 0x600003883790 Font Asset, ke='Command-F12'>, but is only supported for system-provided menu items; will not be used
========================================================================
Worker process is ready to serve import requests
Refreshing native plugins compatible for Editor in 0.37 ms, found 2 plugins.
Preloading 0 native plugins for Editor in 0.00 ms.
Unloading 1507 Unused Serialized files (Serialized files now loaded: 0)
System memory in use before: 175.5 MB.
System memory in use after: 174.6 MB.

Unloading 77 unused Assets to reduce memory usage. Loaded Objects now: 1982.
Total: 4.186088 ms (FindLiveObjects: 0.158622 ms CreateObjectMapping: 0.068312 ms MarkObjects: 3.293560 ms  DeleteObjects: 0.664639 ms)

AssetImportParameters requested are different than current active one (requested -> active):
  custom:video-decoder-ogg-theora: a1e56fd34408186e4bbccfd4996cb3dc -> 
  custom:container-muxer-webm: aa71ff27fc2769a1b78a27578f13a17b -> 
  custom:container-demuxer-webm: 4f35f7cbe854078d1ac9338744f61a02 -> 
  custom:container-demuxer-ogg: 62fdf1f143b41e24485cea50d1cbac27 -> 
  custom:video-encoder-webm-vp8: eb34c28f22e8b96e1ab97ce403110664 -> 
  custom:framework-osx-AVFoundation: e770b220cccbd017edd2c1fefb359320 -> 
  custom:video-decoder-webm-vp8: 9c59270c3fd7afecdb556c50c9e8de78 -> 
  custom:audio-decoder-ogg-vorbis: bf7c407c2cedff20999df2af8eb42d56 -> 
  custom:audio-encoder-webm-vorbis: bf7c407c2cedff20999df2af8eb42d56 -> 
========================================================================
Received Import Request.
  path: Assets/Scenes
  artifactKey: Guid(6bd0b3c7fecef43d0b0f5a1dd0c25ae3) Importer(815301076,1909f56bfc062723c751e8b465ee728b)
Start importing Assets/Scenes using Guid(6bd0b3c7fecef43d0b0f5a1dd0c25ae3) Importer(815301076,1909f56bfc062723c751e8b465ee728b)  -> (artifact id: '0ccdd0c103b6f38b59e74ca410e57bcb') in 0.004247 seconds 
========================================================================
Received Import Request.
  Time since last request: 2.868968 seconds.
  path: Assets/Scenes/SampleScene.unity
  artifactKey: Guid(9fc0d4010bbf28b4594072e72b8655ab) Importer(815301076,1909f56bfc062723c751e8b465ee728b)
Start importing Assets/Scenes/SampleScene.unity using Guid(9fc0d4010bbf28b4594072e72b8655ab) Importer(815301076,1909f56bfc062723c751e8b465ee728b)  -> (artifact id: '94c55409359c0051422e58de30b0573d') in 0.001118 seconds 
========================================================================
Received Import Request.
  Time since last request: 30.823292 seconds.
  path: Assets/Scenes/Game Scene.unity
  artifactKey: Guid(bc87ac12d7f084a7ca235005c218b106) Importer(815301076,1909f56bfc062723c751e8b465ee728b)
Start importing Assets/Scenes/Game Scene.unity using Guid(bc87ac12d7f084a7ca235005c218b106) Importer(815301076,1909f56bfc062723c751e8b465ee728b)  -> (artifact id: '30d45867b0980106459dac122e109a52') in 0.002777 seconds 
========================================================================
Received Import Request.
  Time since last request: 32.919290 seconds.
  path: Assets/Scenes/New Folder
  artifactKey: Guid(9f49e8d84b96b4a1a857624fd781ca86) Importer(815301076,1909f56bfc062723c751e8b465ee728b)
Start importing Assets/Scenes/New Folder using Guid(9f49e8d84b96b4a1a857624fd781ca86) Importer(815301076,1909f56bfc062723c751e8b465ee728b)  -> (artifact id: 'c68f412fe37d9ca55b5ffe873307ca84') in 0.001866 seconds 
========================================================================
Received Import Request.
  Time since last request: 12.136278 seconds.
  path: Assets/Materials
  artifactKey: Guid(9f49e8d84b96b4a1a857624fd781ca86) Importer(815301076,1909f56bfc062723c751e8b465ee728b)
Start importing Assets/Materials using Guid(9f49e8d84b96b4a1a857624fd781ca86) Importer(815301076,1909f56bfc062723c751e8b465ee728b)  -> (artifact id: '8a979feda3e3dbab3d3705ec03bbfc01') in 0.001070 seconds 
========================================================================
Received Import Request.
  Time since last request: 11.547554 seconds.
  path: Assets/Scripts
  artifactKey: Guid(042e3b4506d444373aeea438beaf87e7) Importer(815301076,1909f56bfc062723c751e8b465ee728b)
Start importing Assets/Scripts using Guid(042e3b4506d444373aeea438beaf87e7) Importer(815301076,1909f56bfc062723c751e8b465ee728b)  -> (artifact id: '2454d43f46ed492768942fb2fc8636e7') in 0.001997 seconds 
========================================================================
Received Import Request.
  Time since last request: 7.582640 seconds.
  path: Assets/Materials/New Material.mat
  artifactKey: Guid(cac93b1587bc94f79a2777780e1789e4) Importer(815301076,1909f56bfc062723c751e8b465ee728b)
Start importing Assets/Materials/New Material.mat using Guid(cac93b1587bc94f79a2777780e1789e4) Importer(815301076,1909f56bfc062723c751e8b465ee728b)  -> (artifact id: '61fe89be8e810679d00953cdb54d356c') in 1.348077 seconds 
========================================================================
Received Import Request.
  Time since last request: 48.397679 seconds.
  path: Assets/Materials/New Material.mat
  artifactKey: Guid(cac93b1587bc94f79a2777780e1789e4) Importer(815301076,1909f56bfc062723c751e8b465ee728b)
Start importing Assets/Materials/New Material.mat using Guid(cac93b1587bc94f79a2777780e1789e4) Importer(815301076,1909f56bfc062723c751e8b465ee728b)  -> (artifact id: '6c1bdbfa5fe6f4732d8b5183b0976bae') in 0.018243 seconds 
AssetImportWorkerClient::OnTransportError - code=2 error=End of file
